app/build/intermediates/manifest_merge_blame_file/debug/manifest-merger-blame-debug-report.txt
1<?xml version="1.0" encoding="utf-8"?>
2<manifest xmlns:android="http://schemas.android.com/apk/res/android"
3    package="com.example.myrecipe"
4    android:versionCode="1"
5    android:versionName="1.0" >
6
7    <uses-sdk
8        android:minSdkVersion="24"
8-->src/main/AndroidManifest.xml
9        android:targetSdkVersion="29" />
9-->src/main/AndroidManifest.xml
10
11    <application
11-->src/main/AndroidManifest.xml:5:5-27:19
12        android:allowBackup="true"
12-->src/main/AndroidManifest.xml:6:9-35
13        android:appComponentFactory="androidx.core.app.CoreComponentFactory"
13-->[androidx.core:core:1.3.1] AndroidManifest.xml:24:18-86
14        android:debuggable="true"
15        android:icon="@mipmap/ic_launcher"
15-->src/main/AndroidManifest.xml:7:9-43
16        android:label="@string/app_name"
16-->src/main/AndroidManifest.xml:8:9-41
17        android:roundIcon="@mipmap/ic_launcher_round"
17-->src/main/AndroidManifest.xml:9:9-54
18        android:supportsRtl="true"
18-->src/main/AndroidManifest.xml:10:9-35
19        android:testOnly="true"
20        android:theme="@style/AppTheme" >
20-->src/main/AndroidManifest.xml:11:9-40
21        <activity
21-->src/main/AndroidManifest.xml:12:9-14:72
22            android:name="com.example.myrecipe.SettingsActivity"
22-->src/main/AndroidManifest.xml:13:13-45
23            android:label="@string/title_activity_settings" />
23-->src/main/AndroidManifest.xml:14:13-60
24        <activity android:name="com.example.myrecipe.RefrigeratorActivity" />
24-->src/main/AndroidManifest.xml:15:9-58
24-->src/main/AndroidManifest.xml:15:19-55
25        <activity android:name="com.example.myrecipe.CaptureActivity" />
25-->src/main/AndroidManifest.xml:16:9-53
25-->src/main/AndroidManifest.xml:16:19-50
26        <activity
26-->src/main/AndroidManifest.xml:17:9-26:20
27            android:name="com.example.myrecipe.MainActivity"
27-->src/main/AndroidManifest.xml:18:13-41
28            android:label="@string/app_name"
28-->src/main/AndroidManifest.xml:19:13-45
29            android:theme="@style/AppTheme.NoActionBar" >
29-->src/main/AndroidManifest.xml:20:13-56
30            <intent-filter>
30-->src/main/AndroidManifest.xml:21:13-25:29
31                <action android:name="android.intent.action.MAIN" />
31-->src/main/AndroidManifest.xml:22:17-69
31-->src/main/AndroidManifest.xml:22:25-66
32
33                <category android:name="android.intent.category.LAUNCHER" />
33-->src/main/AndroidManifest.xml:24:17-77
33-->src/main/AndroidManifest.xml:24:27-74
34            </intent-filter>
35        </activity>
36    </application>
37
38</manifest>